<?xml version="1.0" encoding="UTF-8"?>
<!-- Generated by org.testng.reporters.JUnitReportReporter -->
<testsuite hostname="LAPTOP-1MS5L487" failures="0" tests="1" name="testscript.LoginScript" time="27.366" errors="0" timestamp="2023-04-26T23:35:27 IST" skipped="0">
  <testcase classname="testscript.LoginScript" name="test" time="27.366"/>
  <system-out/>
</testsuite> <!-- testscript.LoginScript -->
